TransformJsonToXml>>ACENODE2>>server1>>SUCCESS>>1692213423131
BIP9332I<<Application 'TransformJsonToXml' has been created successfully. <<1692213423131
BIP9326I<<The source 'TransformJsonToXmlproject.generated.bar' has been successfully deployed. <<1692213423131
TransformJsonToXml>>ACENODE2>>server1>>SUCCESS>>1692213531528
BIP9332I<<Application 'TransformJsonToXml' has been changed successfully. <<1692213531528
BIP9326I<<The source 'TransformJsonToXmlproject.generated.bar' has been successfully deployed. <<1692213531528
TransformJsonToXml>>ACENODE2>>server1>>SUCCESS>>1692214128162
BIP9332I<<Application 'TransformJsonToXml' has been changed successfully. <<1692214128162
BIP9326I<<The source 'TransformJsonToXmlproject.generated.bar' has been successfully deployed. <<1692214128162
TransformJsonToXml>>ACENODE2>>server1>>SUCCESS>>1692214323780
BIP9332I<<Application 'TransformJsonToXml' has been changed successfully. <<1692214323780
BIP9326I<<The source 'TransformJsonToXmlproject.generated.bar' has been successfully deployed. <<1692214323780
TransformJsonToXml>>ACENODE2>>server1>>SUCCESS>>1692214991626
BIP9332I<<Application 'TransformJsonToXml' has been changed successfully. <<1692214991626
BIP9326I<<The source 'TransformJsonToXmlproject.generated.bar' has been successfully deployed. <<1692214991626
TransformJsonToXml>>ACENODE2>>server1>>SUCCESS>>1692215092895
BIP9332I<<Application 'TransformJsonToXml' has been changed successfully. <<1692215092895
BIP9326I<<The source 'TransformJsonToXmlproject.generated.bar' has been successfully deployed. <<1692215092895
TransformJsonToXml>>ACENODE2>>server1>>SUCCESS>>1692215563067
BIP9332I<<Application 'TransformJsonToXml' has been changed successfully. <<1692215563067
BIP9326I<<The source 'TransformJsonToXmlproject.generated.bar' has been successfully deployed. <<1692215563067
TransformJsonToXml>>ACENODE2>>server1>>SUCCESS>>1692215975690
BIP9332I<<Application 'TransformJsonToXml' has been changed successfully. <<1692215975690
BIP9326I<<The source 'TransformJsonToXmlproject.generated.bar' has been successfully deployed. <<1692215975690
TransformJsonToXml>>ACENODE2>>server1>>SUCCESS>>1692216193050
BIP9332I<<Application 'TransformJsonToXml' has been changed successfully. <<1692216193050
BIP9326I<<The source 'TransformJsonToXmlproject.generated.bar' has been successfully deployed. <<1692216193050
TransformJsonToXml>>ACENODE2>>server1>>SUCCESS>>1692216855093
BIP9332I<<Application 'TransformJsonToXml' has been changed successfully. <<1692216855093
BIP9326I<<The source 'TransformJsonToXmlproject.generated.bar' has been successfully deployed. <<1692216855093
TransformJsonToXml>>ACENODE2>>server1>>SUCCESS>>1692216973553
BIP9332I<<Application 'TransformJsonToXml' has been changed successfully. <<1692216973553
BIP9326I<<The source 'TransformJsonToXmlproject.generated.bar' has been successfully deployed. <<1692216973553
TransformJsonToXml>>ACENODE2>>server1>>SUCCESS>>1692216983506
BIP9332I<<Application 'TransformJsonToXml' has been changed successfully. <<1692216983506
BIP9326I<<The source 'TransformJsonToXmlproject.generated.bar' has been successfully deployed. <<1692216983506
TransformJsonToXml>>ACENODE2>>server1>>SUCCESS>>1692217116692
BIP9332I<<Application 'TransformJsonToXml' has been changed successfully. <<1692217116692
BIP9326I<<The source 'TransformJsonToXmlproject.generated.bar' has been successfully deployed. <<1692217116692
TransformJsonToXml>>ACENODE2>>server1>>SUCCESS>>1692217299846
BIP9332I<<Application 'TransformJsonToXml' has been changed successfully. <<1692217299846
BIP9326I<<The source 'TransformJsonToXmlproject.generated.bar' has been successfully deployed. <<1692217299846
TransformJsonToXml>>ACENODE2>>server1>>SUCCESS>>1692217894656
BIP9332I<<Application 'TransformJsonToXml' has been changed successfully. <<1692217894656
BIP9326I<<The source 'TransformJsonToXmlproject.generated.bar' has been successfully deployed. <<1692217894656
TransformJsonToXml>>ACENODE2>>server1>>SUCCESS>>1692217963815
BIP9332I<<Application 'TransformJsonToXml' has been changed successfully. <<1692217963815
BIP9326I<<The source 'TransformJsonToXmlproject.generated.bar' has been successfully deployed. <<1692217963815
TransformJsonToXml>>ACENODE2>>server1>>SUCCESS>>1692218066616
BIP9332I<<Application 'TransformJsonToXml' has been changed successfully. <<1692218066616
BIP9326I<<The source 'TransformJsonToXmlproject.generated.bar' has been successfully deployed. <<1692218066616
TransformJsonToXml>>ACENODE2>>server1>>WARNING>>1692218193868
BIP9318E<<Request to 'PreSetupValidate' resource 'TransformJsonToXml', 'TransformJsonToXml' of type 'Application' failed. <<1692218193868
BIP2432E<<(.Flows_Compute.Main, 12.8) : The correlation name 'refOutput.name1' is not valid. Those in scope are: Environment, InputLocalEnvironment, OutputLocalEnvironment, InputRoot, InputBody, InputProperties, OutputRoot, InputExceptionList, OutputExceptionList, InputDestinationList, OutputDestinationList, id, name, description, refInput. <<1692218193868
BIP9333W<<Application 'TransformJsonToXml' has been changed but contains errors which has prevented some resources from starting. <<1692218193868
BIP1096E<<The source 'TransformJsonToXmlproject.generated.bar' has been deployed but there were one or more failures which may mean the deployed resources will be unable to execute. <<1692218193868
TransformJsonToXml>>ACENODE2>>server1>>SUCCESS>>1692218215568
BIP9332I<<Application 'TransformJsonToXml' has been changed successfully. <<1692218215568
BIP9326I<<The source 'TransformJsonToXmlproject.generated.bar' has been successfully deployed. <<1692218215568
TransformJsonToXml>>ACENODE2>>server1>>SUCCESS>>1692218414664
BIP9332I<<Application 'TransformJsonToXml' has been changed successfully. <<1692218414664
BIP9326I<<The source 'TransformJsonToXmlproject.generated.bar' has been successfully deployed. <<1692218414664
TransformJsonToXml>>ACENODE2>>server1>>SUCCESS>>1692218804149
BIP9332I<<Application 'TransformJsonToXml' has been changed successfully. <<1692218804149
BIP9326I<<The source 'TransformJsonToXmlproject.generated.bar' has been successfully deployed. <<1692218804149
TransformJsonToXml>>ACENODE2>>server1>>SUCCESS>>1692220001816
BIP9332I<<Application 'TransformJsonToXml' has been changed successfully. <<1692220001816
BIP9326I<<The source 'TransformJsonToXmlproject.generated.bar' has been successfully deployed. <<1692220001816
TransformJsonToXml>>ACENODE2>>server1>>SUCCESS>>1692220576986
BIP9332I<<Application 'TransformJsonToXml' has been changed successfully. <<1692220576986
BIP9326I<<The source 'TransformJsonToXmlproject.generated.bar' has been successfully deployed. <<1692220576986
TransformJsonToXml>>ACENODE2>>server1>>SUCCESS>>1692221080547
BIP9332I<<Application 'TransformJsonToXml' has been changed successfully. <<1692221080547
BIP9326I<<The source 'TransformJsonToXmlproject.generated.bar' has been successfully deployed. <<1692221080547
